<?xml version="1.0" encoding="UTF-8"?>
<testng-results ignored="0" total="4" passed="4" failed="0" skipped="0">
  <reporter-output>
  </reporter-output>
  <suite started-at="2023-12-13T23:19:39 IST" name="Default suite" finished-at="2023-12-13T23:19:42 IST" duration-ms="3521">
    <groups>
      <group name="cucumber">
        <method signature="AbstractTestNGCucumberTests.runScenario(io.cucumber.testng.PickleWrapper,io.cucumber.testng.FeatureWrapper)[pri:0, instance:runners.ScenarioOutlineRunner@4efbca5a]" name="runScenario" class="io.cucumber.testng.AbstractTestNGCucumberTests"/>
      </group> <!-- cucumber -->
    </groups>
    <test started-at="2023-12-13T23:19:39 IST" name="Default test" finished-at="2023-12-13T23:19:42 IST" duration-ms="3521">
      <class name="runners.ScenarioOutlineRunner">
        <test-method is-config="true" signature="setUpClass()[pri:0, instance:runners.ScenarioOutlineRunner@4efbca5a]" started-at="2023-12-13T23:19:39 IST" name="setUpClass" finished-at="2023-12-13T23:19:39 IST" duration-ms="633" status="PASS">
          <reporter-output>
          </reporter-output>
        </test-method> <!-- setUpClass -->
        <test-method signature="runScenario(io.cucumber.testng.PickleWrapper,io.cucumber.testng.FeatureWrapper)[pri:0, instance:runners.ScenarioOutlineRunner@4efbca5a]" started-at="2023-12-13T23:19:39 IST" name="runScenario" description="Runs Cucumber Scenarios" data-provider="scenarios" finished-at="2023-12-13T23:19:39 IST" duration-ms="227" status="PASS">
          <params>
            <param index="0">
              <value>
                <![CDATA["Login with different set of combinations"]]>
              </value>
            </param>
            <param index="1">
              <value>
                <![CDATA["Optional[Login feature with different inputs]"]]>
              </value>
            </param>
          </params>
          <reporter-output>
          </reporter-output>
        </test-method> <!-- runScenario -->
        <test-method signature="runScenario(io.cucumber.testng.PickleWrapper,io.cucumber.testng.FeatureWrapper)[pri:0, instance:runners.ScenarioOutlineRunner@4efbca5a]" started-at="2023-12-13T23:19:39 IST" name="runScenario" description="Runs Cucumber Scenarios" data-provider="scenarios" finished-at="2023-12-13T23:19:39 IST" duration-ms="32" status="PASS">
          <params>
            <param index="0">
              <value>
                <![CDATA["Login with different set of combinations"]]>
              </value>
            </param>
            <param index="1">
              <value>
                <![CDATA["Optional[Login feature with different inputs]"]]>
              </value>
            </param>
          </params>
          <reporter-output>
          </reporter-output>
        </test-method> <!-- runScenario -->
        <test-method signature="runScenario(io.cucumber.testng.PickleWrapper,io.cucumber.testng.FeatureWrapper)[pri:0, instance:runners.ScenarioOutlineRunner@4efbca5a]" started-at="2023-12-13T23:19:39 IST" name="runScenario" description="Runs Cucumber Scenarios" data-provider="scenarios" finished-at="2023-12-13T23:19:40 IST" duration-ms="30" status="PASS">
          <params>
            <param index="0">
              <value>
                <![CDATA["Login with different set of combinations"]]>
              </value>
            </param>
            <param index="1">
              <value>
                <![CDATA["Optional[Login feature with different inputs]"]]>
              </value>
            </param>
          </params>
          <reporter-output>
          </reporter-output>
        </test-method> <!-- runScenario -->
        <test-method signature="runScenario(io.cucumber.testng.PickleWrapper,io.cucumber.testng.FeatureWrapper)[pri:0, instance:runners.ScenarioOutlineRunner@4efbca5a]" started-at="2023-12-13T23:19:40 IST" name="runScenario" description="Runs Cucumber Scenarios" data-provider="scenarios" finished-at="2023-12-13T23:19:40 IST" duration-ms="20" status="PASS">
          <params>
            <param index="0">
              <value>
                <![CDATA["Login with different set of combinations"]]>
              </value>
            </param>
            <param index="1">
              <value>
                <![CDATA["Optional[Login feature with different inputs]"]]>
              </value>
            </param>
          </params>
          <reporter-output>
          </reporter-output>
        </test-method> <!-- runScenario -->
        <test-method is-config="true" signature="tearDownClass()[pri:0, instance:runners.ScenarioOutlineRunner@4efbca5a]" started-at="2023-12-13T23:19:40 IST" name="tearDownClass" finished-at="2023-12-13T23:19:42 IST" duration-ms="2466" status="PASS">
          <reporter-output>
          </reporter-output>
        </test-method> <!-- tearDownClass -->
      </class> <!-- runners.ScenarioOutlineRunner -->
    </test> <!-- Default test -->
  </suite> <!-- Default suite -->
</testng-results>
